Thu Nov  7 14:12:19 2024       
+---------------------------------------------------------------------------------------+
| NVIDIA-SMI 545.23.08              Driver Version: 545.23.08    CUDA Version: 12.3     |
|-----------------------------------------+----------------------+----------------------+
| GPU  Name                 Persistence-M | Bus-Id        Disp.A | Volatile Uncorr. ECC |
| Fan  Temp   Perf          Pwr:Usage/Cap |         Memory-Usage | GPU-Util  Compute M. |
|                                         |                      |               MIG M. |
|=========================================+======================+======================|
|   0  NVIDIA A100-PCIE-40GB          Off | 00000000:01:00.0 Off |                  Off |
| N/A   45C    P0              38W / 250W |      4MiB / 40960MiB |      0%      Default |
|                                         |                      |             Disabled |
+-----------------------------------------+----------------------+----------------------+
|   1  NVIDIA A100-PCIE-40GB          Off | 00000000:81:00.0 Off |                  Off |
| N/A   40C    P0              37W / 250W |      4MiB / 40960MiB |      4%      Default |
|                                         |                      |             Disabled |
+-----------------------------------------+----------------------+----------------------+
                                                                                         
+---------------------------------------------------------------------------------------+
| Processes:                                                                            |
|  GPU   GI   CI        PID   Type   Process name                            GPU Memory |
|        ID   ID                                                             Usage      |
|=======================================================================================|
|  No running processes found                                                           |
+---------------------------------------------------------------------------------------+
python3 /gpfs/data/fs72515/nadja_g/MMCL-ECG-CMR/mae_ng/main_linprobing.py --seed 0 --downstream_task classification --jitter_sigma 0.2 --rescaling_sigma 0.5 --ft_surr_phase_noise 0.075 --input_channels 1 --input_electrodes 12 --time_steps 2500 --patch_height 1 --patch_width 100 --model vit_tiny_patchX --batch_size 8 --epochs 400 --patience 25 --max_delta 0.25 --accum_iter 1 --drop_path 0.2 --weight_decay 0.2 --layer_decay 0.5 --min_lr 0.0 --blr 3e-6 --warmup_epoch 5 --smoothing 0.1 --data_path /gpfs/data/fs72515/nadja_g/ECGMRIProjekt/ECG_data/train/tensor.pt --labels_path /gpfs/data/fs72515/nadja_g/ECGMRIProjekt/ECG_data/train/labels.pt --val_data_path /gpfs/data/fs72515/nadja_g/ECGMRIProjekt/ECG_data/val/tensor.pt --val_labels_path /gpfs/data/fs72515/nadja_g/ECGMRIProjekt/ECG_data/val/labels.pt --nb_classes 2 --log_dir /gpfs/data/fs72515/nadja_g/ECGMRIProjekt/checkpoints/ --num_workers 24 --finetune /gpfs/data/fs72515/nadja_g/ECGMRIProjekt/EKGMRIProjekt/model_weights/signal_encoder_mmcl_wo_mdm.pth --pos_label 1 --global_pool --attention_pool --wandb --wandb_project MAE_ECG_Fin_Tiny_LV --output_dir /gpfs/data/fs72515/nadja_g/ECGMRIProjekt/checkpoints//weights/
